{"level":"info","message":"Server running ---- from server.ts","timestamp":"2025-11-10T06:54:16.567Z"}
{"level":"info","message":"Controller: List Roles","timestamp":"2025-11-10T06:55:22.836Z"}
{"level":"info","message":"Controller: List Roles","timestamp":"2025-11-10T06:55:22.865Z"}
{"level":"info","message":"Controller: Add Role","timestamp":"2025-11-10T06:55:35.611Z"}
{"level":"info","message":"Controller: List Roles","timestamp":"2025-11-10T06:55:35.917Z"}
{"level":"info","message":"Controller: List Roles","timestamp":"2025-11-10T06:56:30.006Z"}
{"level":"info","message":"Controller: List Roles","timestamp":"2025-11-10T06:56:30.306Z"}
{"level":"info","message":"Controller: Get All Employees","timestamp":"2025-11-10T06:57:14.955Z"}
{"level":"info","message":"Fetched all employees: 2","timestamp":"2025-11-10T06:57:15.130Z"}
{"level":"info","message":"Controller: Get All Employees","timestamp":"2025-11-10T06:57:15.156Z"}
{"level":"info","message":"Fetched all employees: 2","timestamp":"2025-11-10T06:57:15.183Z"}
{"level":"info","message":"Controller: Get All Employees","timestamp":"2025-11-10T06:57:20.339Z"}
{"level":"info","message":"Fetched all employees: 2","timestamp":"2025-11-10T06:57:20.358Z"}
{"level":"info","message":"Controller: Get All Employees","timestamp":"2025-11-10T07:07:23.755Z"}
{"level":"info","message":"Fetched all employees: 2","timestamp":"2025-11-10T07:07:23.885Z"}
{"level":"info","message":"Controller: Get All Employees","timestamp":"2025-11-10T07:07:23.893Z"}
{"level":"info","message":"Fetched all employees: 2","timestamp":"2025-11-10T07:07:23.914Z"}
{"level":"info","message":"Controller: Get All Employees","timestamp":"2025-11-10T07:08:11.939Z"}
{"level":"info","message":"Fetched all employees: 2","timestamp":"2025-11-10T07:08:12.073Z"}
{"level":"info","message":"Controller: Get All Employees","timestamp":"2025-11-10T07:09:50.748Z"}
{"level":"info","message":"Fetched all employees: 2","timestamp":"2025-11-10T07:09:50.875Z"}
{"level":"info","message":"Controller: List Roles","timestamp":"2025-11-10T07:09:52.299Z"}
{"level":"info","message":"Controller: List Roles","timestamp":"2025-11-10T07:09:52.459Z"}
{"level":"info","message":"Controller: List Roles","timestamp":"2025-11-10T07:10:00.434Z"}
{"level":"info","message":"Controller: List Roles","timestamp":"2025-11-10T07:10:00.466Z"}
{"level":"info","message":"Controller: List Roles","timestamp":"2025-11-10T07:11:40.558Z"}
{"level":"info","message":"Controller: List Roles","timestamp":"2025-11-10T07:11:40.803Z"}
{"level":"info","message":"Controller: Get All Employees","timestamp":"2025-11-10T07:11:43.667Z"}
{"level":"info","message":"Fetched all employees: 2","timestamp":"2025-11-10T07:11:43.688Z"}
{"level":"info","message":"Controller: Get All Employees","timestamp":"2025-11-10T07:11:43.704Z"}
{"level":"info","message":"Fetched all employees: 2","timestamp":"2025-11-10T07:11:43.724Z"}
{"level":"info","message":"Controller: Get All Employees","timestamp":"2025-11-10T07:11:45.883Z"}
{"level":"info","message":"Fetched all employees: 2","timestamp":"2025-11-10T07:11:45.905Z"}
{"level":"info","message":"Controller: List Roles","timestamp":"2025-11-10T07:11:46.337Z"}
{"level":"info","message":"Controller: List Roles","timestamp":"2025-11-10T07:11:46.360Z"}
{"level":"info","message":"Controller: Get All Employees","timestamp":"2025-11-10T07:16:29.971Z"}
{"level":"info","message":"Fetched all employees: 2","timestamp":"2025-11-10T07:16:30.106Z"}
{"level":"info","message":"Controller: Get All Employees","timestamp":"2025-11-10T07:16:30.113Z"}
{"level":"info","message":"Fetched all employees: 2","timestamp":"2025-11-10T07:16:30.133Z"}
{"level":"info","message":"Controller: Get All Employees","timestamp":"2025-11-10T07:16:31.781Z"}
{"level":"info","message":"Fetched all employees: 2","timestamp":"2025-11-10T07:16:31.803Z"}
{"level":"info","message":"Controller: List Roles","timestamp":"2025-11-10T07:16:32.031Z"}
{"level":"info","message":"Controller: List Roles","timestamp":"2025-11-10T07:16:32.159Z"}
{"level":"info","message":"Controller: Get All Employees","timestamp":"2025-11-10T07:17:28.473Z"}
{"level":"info","message":"Fetched all employees: 2","timestamp":"2025-11-10T07:17:28.588Z"}
{"level":"info","message":"Controller: Get All Employees","timestamp":"2025-11-10T07:17:28.593Z"}
{"level":"info","message":"Fetched all employees: 2","timestamp":"2025-11-10T07:17:28.715Z"}
{"level":"info","message":"Controller: Get All Employees","timestamp":"2025-11-10T07:17:30.040Z"}
{"level":"info","message":"Fetched all employees: 2","timestamp":"2025-11-10T07:17:30.180Z"}
{"level":"info","message":"Controller: List Roles","timestamp":"2025-11-10T07:17:30.266Z"}
{"level":"info","message":"Controller: List Roles","timestamp":"2025-11-10T07:17:30.390Z"}
{"level":"info","message":"Controller: List Roles","timestamp":"2025-11-10T07:18:03.918Z"}
{"level":"info","message":"Controller: Add Employee","timestamp":"2025-11-10T07:20:14.826Z"}
{"level":"info","message":"Employee created: thirukumara12@gmail.com","timestamp":"2025-11-10T07:20:15.190Z"}
{"level":"info","message":"Credentials created for employee: thirukumara12@gmail.com","timestamp":"2025-11-10T07:20:15.212Z"}
{"level":"info","message":"Mail sending Log ","timestamp":"2025-11-10T07:20:15.214Z"}
{"level":"info","message":"Email sent to thirukumara12@gmail.com: true","timestamp":"2025-11-10T07:20:19.400Z"}
{"level":"info","message":"Controller: Get All Employees","timestamp":"2025-11-10T07:20:19.930Z"}
{"level":"info","message":"Fetched all employees: 3","timestamp":"2025-11-10T07:20:19.954Z"}
{"level":"info","message":"Controller: Get All Employees","timestamp":"2025-11-10T07:20:20.284Z"}
{"level":"info","message":"Fetched all employees: 3","timestamp":"2025-11-10T07:20:20.303Z"}
{"level":"info","message":"Server running ---- from server.ts","timestamp":"2025-11-10T07:23:11.063Z"}
{"level":"info","message":"Server running ---- from server.ts","timestamp":"2025-11-10T07:23:33.187Z"}
{"level":"info","message":"Server running ---- from server.ts","timestamp":"2025-11-10T07:23:54.803Z"}
{"level":"info","message":"Server running ---- from server.ts","timestamp":"2025-11-10T07:50:57.752Z"}
{"level":"info","message":"Controller: Get All Employees","timestamp":"2025-11-10T07:51:05.157Z"}
{"level":"info","message":"Fetched all employees: 3","timestamp":"2025-11-10T07:51:05.342Z"}
{"level":"info","message":"Controller: Get All Employees","timestamp":"2025-11-10T07:51:05.403Z"}
{"level":"info","message":"Fetched all employees: 3","timestamp":"2025-11-10T07:51:05.424Z"}
{"level":"info","message":"Controller: Get Attendance","timestamp":"2025-11-10T07:51:26.272Z"}
{"count":3,"level":"info","message":"Repository: Attendance fetched","timestamp":"2025-11-10T07:51:26.455Z"}
{"level":"info","message":"Controller: Get Attendance","timestamp":"2025-11-10T07:51:26.469Z"}
{"count":3,"level":"info","message":"Repository: Attendance fetched","timestamp":"2025-11-10T07:51:26.492Z"}
{"level":"info","message":"Controller: Get Attendance","timestamp":"2025-11-10T07:51:29.870Z"}
{"count":3,"level":"info","message":"Repository: Attendance fetched","timestamp":"2025-11-10T07:51:29.896Z"}
{"level":"info","message":"Controller: Get Attendance","timestamp":"2025-11-10T07:51:29.904Z"}
{"count":3,"level":"info","message":"Repository: Attendance fetched","timestamp":"2025-11-10T07:51:29.927Z"}
{"level":"info","message":"Controller: Get All Employees","timestamp":"2025-11-10T07:51:30.237Z"}
{"level":"info","message":"Fetched all employees: 3","timestamp":"2025-11-10T07:51:30.259Z"}
{"level":"info","message":"Controller: Get All Employees","timestamp":"2025-11-10T07:51:30.266Z"}
{"level":"info","message":"Fetched all employees: 3","timestamp":"2025-11-10T07:51:30.292Z"}
{"level":"info","message":"Controller: Get All Employees","timestamp":"2025-11-10T07:51:35.143Z"}
{"level":"info","message":"Fetched all employees: 3","timestamp":"2025-11-10T07:51:35.172Z"}
{"level":"info","message":"Controller: List Roles","timestamp":"2025-11-10T07:51:35.470Z"}
{"level":"info","message":"Controller: List Roles","timestamp":"2025-11-10T07:51:35.592Z"}
{"level":"info","message":"Controller: Get All Employees","timestamp":"2025-11-10T07:51:44.744Z"}
{"level":"info","message":"Fetched all employees: 3","timestamp":"2025-11-10T07:51:44.782Z"}
{"level":"info","message":"Server running ---- from server.ts","timestamp":"2025-11-10T07:53:02.272Z"}
{"level":"info","message":"Controller: Get All Employees","timestamp":"2025-11-10T07:53:06.461Z"}
{"level":"info","message":"Controller: List Roles","timestamp":"2025-11-10T07:53:06.545Z"}
{"level":"info","message":"Fetched all employees: 3","timestamp":"2025-11-10T07:53:06.655Z"}
{"level":"info","message":"Controller: List Roles","timestamp":"2025-11-10T07:53:06.700Z"}
{"level":"info","message":"Controller: Add Employee","timestamp":"2025-11-10T07:54:09.472Z"}
{"level":"info","message":"Employee created: ssubramaniya761@gmail.com","timestamp":"2025-11-10T07:54:10.123Z"}
{"level":"info","message":"Credentials created for employee: ssubramaniya761@gmail.com","timestamp":"2025-11-10T07:54:10.166Z"}
{"level":"info","message":"Mail sending Log ","timestamp":"2025-11-10T07:54:10.169Z"}
{"level":"info","message":"Email sent to ssubramaniya761@gmail.com: true","timestamp":"2025-11-10T07:54:14.213Z"}
{"level":"info","message":"Controller: Get All Employees","timestamp":"2025-11-10T07:54:15.307Z"}
{"level":"info","message":"Fetched all employees: 4","timestamp":"2025-11-10T07:54:15.336Z"}
{"level":"info","message":"Controller: Get All Employees","timestamp":"2025-11-10T07:54:15.494Z"}
{"level":"info","message":"Fetched all employees: 4","timestamp":"2025-11-10T07:54:15.521Z"}
{"level":"info","message":"Controller: Get All Leads","timestamp":"2025-11-10T08:03:40.760Z"}
{"level":"info","message":"Controller: Get All Leads","timestamp":"2025-11-10T08:03:40.973Z"}
{"level":"info","message":"Controller: Update Leads","timestamp":"2025-11-10T08:04:21.071Z"}
{"code":"22007","file":"datetime.c","length":151,"level":"error","line":"4026","message":"Repository Error: Upload Leads invalid input syntax for type timestamp: \"45962\"","name":"error","routine":"DateTimeParseError","severity":"ERROR","stack":"error: invalid input syntax for type timestamp: \"45962\"\n    at D:\\RedAngle\\RedAngleSoftware\\Backend\\RED-ANGLE-BACKEND\\node_modules\\pg\\lib\\client.js:545:17\n    at processTicksAndRejections (node:internal/process/task_queues:95:5)","timestamp":"2025-11-10T08:04:21.216Z","where":"unnamed portal parameter $1 = '...'"}
{"level":"info","message":"Controller: Get All Leads","timestamp":"2025-11-10T08:04:29.990Z"}
{"level":"info","message":"Controller: Get All Leads","timestamp":"2025-11-10T08:04:30.044Z"}
{"level":"info","message":"Controller: Get All Employees","timestamp":"2025-11-10T08:04:33.417Z"}
{"level":"info","message":"Fetched all employees: 4","timestamp":"2025-11-10T08:04:33.443Z"}
{"level":"info","message":"Controller: Get All Employees","timestamp":"2025-11-10T08:04:33.460Z"}
{"level":"info","message":"Fetched all employees: 4","timestamp":"2025-11-10T08:04:33.486Z"}
{"code":"42P10","file":"plancat.c","length":148,"level":"error","line":"915","message":"Repository Error: Send Quotation For Approval there is no unique or exclusion constraint matching the ON CONFLICT specification","name":"error","routine":"infer_arbiter_indexes","severity":"ERROR","stack":"error: there is no unique or exclusion constraint matching the ON CONFLICT specification\n    at D:\\RedAngle\\RedAngleSoftware\\Backend\\RED-ANGLE-BACKEND\\node_modules\\pg\\lib\\client.js:545:17\n    at processTicksAndRejections (node:internal/process/task_queues:95:5)","timestamp":"2025-11-10T08:06:19.437Z"}
{"code":"42P10","file":"plancat.c","length":148,"level":"error","line":"915","message":"Controller Error: Send Quotation For Approval there is no unique or exclusion constraint matching the ON CONFLICT specification","name":"error","routine":"infer_arbiter_indexes","severity":"ERROR","stack":"error: there is no unique or exclusion constraint matching the ON CONFLICT specification\n    at D:\\RedAngle\\RedAngleSoftware\\Backend\\RED-ANGLE-BACKEND\\node_modules\\pg\\lib\\client.js:545:17\n    at processTicksAndRejections (node:internal/process/task_queues:95:5)","timestamp":"2025-11-10T08:06:19.438Z"}
{"level":"info","message":"Controller: Get All Employees","timestamp":"2025-11-10T08:06:58.053Z"}
{"level":"info","message":"Fetched all employees: 4","timestamp":"2025-11-10T08:06:58.186Z"}
{"level":"info","message":"Controller: Get All Employees","timestamp":"2025-11-10T08:06:58.194Z"}
{"level":"info","message":"Fetched all employees: 4","timestamp":"2025-11-10T08:06:58.217Z"}
{"level":"info","message":"Controller: Get All Employees","timestamp":"2025-11-10T09:34:01.654Z"}
{"level":"info","message":"Fetched all employees: 4","timestamp":"2025-11-10T09:34:01.761Z"}
{"level":"info","message":"Controller: Get All Employees","timestamp":"2025-11-10T09:34:01.764Z"}
{"level":"info","message":"Fetched all employees: 4","timestamp":"2025-11-10T09:34:01.781Z"}
