{"level":"info","message":"Server running ---- from server.ts","timestamp":"2025-11-07T04:03:16.388Z"}
{"level":"info","message":"Controller: Get All Employees","timestamp":"2025-11-07T04:03:37.856Z"}
{"level":"info","message":"Fetched all employees: 1","timestamp":"2025-11-07T04:03:38.038Z"}
{"level":"info","message":"Controller: Get All Employees","timestamp":"2025-11-07T04:03:38.061Z"}
{"level":"info","message":"Fetched all employees: 1","timestamp":"2025-11-07T04:03:38.083Z"}
{"level":"info","message":"Controller: Login Cont","timestamp":"2025-11-07T04:15:47.943Z"}
{"level":"info","message":"Controller: List Roles","timestamp":"2025-11-07T04:17:15.689Z"}
{"level":"info","message":"Controller: List Roles","timestamp":"2025-11-07T04:17:15.938Z"}
{"level":"info","message":"Controller: Get Attendance","timestamp":"2025-11-07T04:17:34.014Z"}
{"count":3,"level":"info","message":"Repository: Attendance fetched","timestamp":"2025-11-07T04:17:34.044Z"}
{"level":"info","message":"Controller: Get All Employees","timestamp":"2025-11-07T04:17:35.229Z"}
{"level":"info","message":"Fetched all employees: 1","timestamp":"2025-11-07T04:17:35.253Z"}
{"level":"info","message":"Controller: Get All Employees","timestamp":"2025-11-07T04:17:35.261Z"}
{"level":"info","message":"Fetched all employees: 1","timestamp":"2025-11-07T04:17:35.282Z"}
{"level":"info","message":"Controller: Get Attendance","timestamp":"2025-11-07T04:17:37.587Z"}
{"count":3,"level":"info","message":"Repository: Attendance fetched","timestamp":"2025-11-07T04:17:37.609Z"}
{"level":"info","message":"Controller: Get Attendance","timestamp":"2025-11-07T04:17:37.613Z"}
{"count":3,"level":"info","message":"Repository: Attendance fetched","timestamp":"2025-11-07T04:17:37.641Z"}
{"level":"info","message":"Controller: Get All Employees","timestamp":"2025-11-07T04:18:57.732Z"}
{"level":"info","message":"Fetched all employees: 1","timestamp":"2025-11-07T04:18:57.867Z"}
{"level":"info","message":"Controller: Get All Employees","timestamp":"2025-11-07T04:18:57.875Z"}
{"level":"info","message":"Fetched all employees: 1","timestamp":"2025-11-07T04:18:57.898Z"}
{"level":"info","message":"Controller: Get All Employees","timestamp":"2025-11-07T04:20:56.747Z"}
{"level":"info","message":"Fetched all employees: 1","timestamp":"2025-11-07T04:20:56.893Z"}
{"level":"info","message":"Controller: Get All Employees","timestamp":"2025-11-07T04:20:56.902Z"}
{"level":"info","message":"Fetched all employees: 1","timestamp":"2025-11-07T04:20:56.923Z"}
{"level":"info","message":"Controller: Get All Leads","timestamp":"2025-11-07T04:21:22.704Z"}
{"level":"info","message":"Controller: Get All Leads","timestamp":"2025-11-07T04:21:22.831Z"}
{"level":"info","message":"Controller: Get All Leads","timestamp":"2025-11-07T04:22:03.492Z"}
{"level":"info","message":"Controller: Get All Leads","timestamp":"2025-11-07T04:22:03.639Z"}
{"level":"info","message":"Controller: Get All Leads","timestamp":"2025-11-07T04:22:12.890Z"}
{"level":"info","message":"Controller: Get All Leads","timestamp":"2025-11-07T04:22:12.915Z"}
{"level":"info","message":"Controller: Get All Leads","timestamp":"2025-11-07T04:26:13.643Z"}
{"level":"info","message":"Controller: Get All Leads","timestamp":"2025-11-07T04:26:13.796Z"}
{"level":"info","message":"Controller: Get All Leads","timestamp":"2025-11-07T04:36:30.904Z"}
{"level":"info","message":"Controller: Get All Leads","timestamp":"2025-11-07T04:36:31.049Z"}
{"level":"info","message":"Controller: Get All Leads","timestamp":"2025-11-07T04:41:30.837Z"}
{"level":"info","message":"Controller: Get All Leads","timestamp":"2025-11-07T04:41:30.961Z"}
{"level":"info","message":"Controller: Get All Leads","timestamp":"2025-11-07T04:47:30.478Z"}
{"level":"info","message":"Controller: Get All Leads","timestamp":"2025-11-07T04:47:30.600Z"}
{"level":"info","message":"Controller: Get All Leads","timestamp":"2025-11-07T04:55:09.468Z"}
{"level":"info","message":"Controller: Get All Leads","timestamp":"2025-11-07T04:55:09.628Z"}
{"level":"info","message":"Controller: Get All Leads","timestamp":"2025-11-07T05:05:51.816Z"}
{"level":"info","message":"Controller: Get All Leads","timestamp":"2025-11-07T05:05:51.960Z"}
{"level":"info","message":"Controller: Get All Leads","timestamp":"2025-11-07T05:06:06.336Z"}
{"level":"info","message":"Controller: Get All Leads","timestamp":"2025-11-07T05:06:06.486Z"}
{"level":"info","message":"Controller: Get All Leads","timestamp":"2025-11-07T05:06:15.124Z"}
{"level":"info","message":"Controller: Get All Leads","timestamp":"2025-11-07T05:06:15.152Z"}
{"level":"info","message":"Controller: Get All Leads","timestamp":"2025-11-07T05:06:50.402Z"}
{"level":"info","message":"Controller: Get All Leads","timestamp":"2025-11-07T05:06:50.528Z"}
{"level":"info","message":"Controller: Get All Leads","timestamp":"2025-11-07T05:21:02.869Z"}
{"level":"info","message":"Controller: Get All Leads","timestamp":"2025-11-07T05:21:02.934Z"}
{"level":"info","message":"Controller: Get All Leads","timestamp":"2025-11-07T05:21:07.333Z"}
{"level":"info","message":"Controller: Get All Leads","timestamp":"2025-11-07T05:21:07.389Z"}
{"level":"info","message":"Controller: Get All Leads","timestamp":"2025-11-07T05:21:11.148Z"}
{"level":"info","message":"Controller: Get All Leads","timestamp":"2025-11-07T05:21:11.193Z"}
{"level":"info","message":"Controller: Get All Employees","timestamp":"2025-11-07T05:21:14.153Z"}
{"level":"info","message":"Fetched all employees: 2","timestamp":"2025-11-07T05:21:14.178Z"}
{"level":"info","message":"Controller: Get All Employees","timestamp":"2025-11-07T05:21:14.185Z"}
{"level":"info","message":"Fetched all employees: 2","timestamp":"2025-11-07T05:21:14.203Z"}
{"code":"42P10","file":"plancat.c","length":148,"level":"error","line":"915","message":"Repository Error: Assign Leads there is no unique or exclusion constraint matching the ON CONFLICT specification","name":"error","routine":"infer_arbiter_indexes","severity":"ERROR","stack":"error: there is no unique or exclusion constraint matching the ON CONFLICT specification\n    at D:\\RedAngle\\RedAngleSoftware\\Backend\\RED-ANGLE-BACKEND\\node_modules\\pg\\lib\\client.js:545:17\n    at processTicksAndRejections (node:internal/process/task_queues:95:5)","timestamp":"2025-11-07T05:21:16.877Z"}
{"level":"info","message":"Controller: Get All Employees","timestamp":"2025-11-07T05:21:36.761Z"}
{"level":"info","message":"Fetched all employees: 2","timestamp":"2025-11-07T05:21:36.889Z"}
{"level":"info","message":"Controller: Get All Employees","timestamp":"2025-11-07T05:21:36.908Z"}
{"level":"info","message":"Fetched all employees: 2","timestamp":"2025-11-07T05:21:36.930Z"}
{"code":"42P10","file":"plancat.c","length":148,"level":"error","line":"915","message":"Repository Error: Assign Leads there is no unique or exclusion constraint matching the ON CONFLICT specification","name":"error","routine":"infer_arbiter_indexes","severity":"ERROR","stack":"error: there is no unique or exclusion constraint matching the ON CONFLICT specification\n    at D:\\RedAngle\\RedAngleSoftware\\Backend\\RED-ANGLE-BACKEND\\node_modules\\pg\\lib\\client.js:545:17\n    at processTicksAndRejections (node:internal/process/task_queues:95:5)","timestamp":"2025-11-07T05:21:42.716Z"}
{"level":"info","message":"Controller: Get All Leads","timestamp":"2025-11-07T05:24:06.995Z"}
{"level":"info","message":"Controller: Get All Leads","timestamp":"2025-11-07T05:24:07.041Z"}
{"level":"info","message":"Mail sending Log ","timestamp":"2025-11-07T05:31:30.810Z"}
