{"level":"info","message":"Server running ---- from server.ts","timestamp":"2025-09-25T07:18:32.552Z"}
{"level":"info","message":"Controller: Login Cont","timestamp":"2025-09-25T07:30:48.640Z"}
{"level":"info","message":"Controller: Get All Leads","timestamp":"2025-09-25T07:30:49.239Z"}
{"level":"info","message":"Controller: Get All Leads","timestamp":"2025-09-25T07:30:49.308Z"}
{"level":"info","message":"Controller: Get All Leads","timestamp":"2025-09-25T07:30:55.883Z"}
{"level":"info","message":"Controller: Get All Leads","timestamp":"2025-09-25T07:30:55.954Z"}
{"level":"info","message":"Controller: Get All Leads","timestamp":"2025-09-25T07:31:06.268Z"}
{"level":"info","message":"Controller: Get All Leads","timestamp":"2025-09-25T07:31:06.360Z"}
{"level":"info","message":"Controller: Get All Leads","timestamp":"2025-09-25T07:31:12.355Z"}
{"level":"info","message":"Controller: Get All Leads","timestamp":"2025-09-25T07:31:12.533Z"}
{"level":"info","message":"Controller: Get All Leads","timestamp":"2025-09-25T07:31:15.304Z"}
{"level":"info","message":"Controller: Get All Leads","timestamp":"2025-09-25T07:31:15.382Z"}
{"level":"info","message":"Controller: Get All Leads","timestamp":"2025-09-25T07:31:16.935Z"}
{"level":"info","message":"Controller: Get All Leads","timestamp":"2025-09-25T07:31:16.988Z"}
{"level":"info","message":"Controller: Get All Leads","timestamp":"2025-09-25T07:31:20.194Z"}
{"level":"info","message":"Controller: Get All Leads","timestamp":"2025-09-25T07:31:20.252Z"}
{"level":"info","message":"Controller: Get All Leads","timestamp":"2025-09-25T07:31:22.399Z"}
{"level":"info","message":"Controller: Get All Leads","timestamp":"2025-09-25T07:31:22.447Z"}
{"level":"info","message":"Controller: Get All Leads","timestamp":"2025-09-25T07:31:26.656Z"}
{"level":"info","message":"Controller: Get All Leads","timestamp":"2025-09-25T07:31:26.733Z"}
{"level":"info","message":"Controller: Get All Leads","timestamp":"2025-09-25T07:31:32.312Z"}
{"level":"info","message":"Controller: Get All Leads","timestamp":"2025-09-25T07:31:32.382Z"}
{"level":"info","message":"Controller: Get All Leads","timestamp":"2025-09-25T07:31:35.228Z"}
{"level":"info","message":"Controller: Get All Leads","timestamp":"2025-09-25T07:31:35.287Z"}
{"level":"info","message":"Controller: Get All Leads","timestamp":"2025-09-25T07:31:38.830Z"}
{"level":"info","message":"Controller: Get All Leads","timestamp":"2025-09-25T07:31:38.879Z"}
{"level":"info","message":"Controller: Get All Leads","timestamp":"2025-09-25T07:31:44.981Z"}
{"level":"info","message":"Controller: Get All Leads","timestamp":"2025-09-25T07:31:45.030Z"}
{"level":"info","message":"Controller: Get All Leads","timestamp":"2025-09-25T07:31:57.971Z"}
{"level":"info","message":"Controller: Get All Leads","timestamp":"2025-09-25T07:31:58.146Z"}
{"level":"info","message":"Controller: Get All Leads","timestamp":"2025-09-25T07:32:09.299Z"}
{"level":"info","message":"Controller: Get All Leads","timestamp":"2025-09-25T07:32:09.338Z"}
{"level":"info","message":"Controller: Get All Leads","timestamp":"2025-09-25T07:32:11.935Z"}
{"level":"info","message":"Controller: Get All Leads","timestamp":"2025-09-25T07:32:11.958Z"}
{"level":"info","message":"Controller: Get All Leads","timestamp":"2025-09-25T07:32:18.020Z"}
{"level":"info","message":"Controller: Get All Leads","timestamp":"2025-09-25T07:32:18.084Z"}
{"level":"info","message":"Controller: Get All Leads","timestamp":"2025-09-25T07:32:20.392Z"}
{"level":"info","message":"Controller: Get All Leads","timestamp":"2025-09-25T07:32:20.458Z"}
{"level":"info","message":"Controller: Get All Leads","timestamp":"2025-09-25T07:32:22.299Z"}
{"level":"info","message":"Controller: Get All Leads","timestamp":"2025-09-25T07:32:22.357Z"}
{"level":"info","message":"Controller: Get All Leads","timestamp":"2025-09-25T07:32:25.843Z"}
{"level":"info","message":"Controller: Get All Leads","timestamp":"2025-09-25T07:32:25.943Z"}
{"level":"info","message":"Controller: Get All Leads","timestamp":"2025-09-25T07:32:27.311Z"}
{"level":"info","message":"Controller: Get All Leads","timestamp":"2025-09-25T07:32:27.383Z"}
{"level":"info","message":"Controller: Get All Leads","timestamp":"2025-09-25T07:32:31.075Z"}
{"level":"info","message":"Controller: Get All Leads","timestamp":"2025-09-25T07:32:31.139Z"}
{"level":"info","message":"Controller: Get All Leads","timestamp":"2025-09-25T07:32:33.679Z"}
{"level":"info","message":"Controller: Get All Leads","timestamp":"2025-09-25T07:32:33.736Z"}
{"level":"info","message":"Controller: Get All Leads","timestamp":"2025-09-25T07:32:42.864Z"}
{"level":"info","message":"Controller: Get All Leads","timestamp":"2025-09-25T07:32:42.915Z"}
{"level":"info","message":"Controller: Get All Leads","timestamp":"2025-09-25T07:32:57.373Z"}
{"level":"info","message":"Controller: Get All Leads","timestamp":"2025-09-25T07:32:57.624Z"}
{"level":"info","message":"Controller: Get All Leads","timestamp":"2025-09-25T07:33:00.803Z"}
{"level":"info","message":"Controller: Get All Leads","timestamp":"2025-09-25T07:33:01.001Z"}
{"level":"info","message":"Controller: Get All Leads","timestamp":"2025-09-25T07:33:02.281Z"}
{"level":"info","message":"Controller: Get All Leads","timestamp":"2025-09-25T07:33:02.327Z"}
{"level":"info","message":"Controller: Get All Leads","timestamp":"2025-09-25T07:33:07.458Z"}
{"level":"info","message":"Controller: Get All Leads","timestamp":"2025-09-25T07:33:07.513Z"}
{"level":"info","message":"Controller: Get All Leads","timestamp":"2025-09-25T07:33:20.750Z"}
{"level":"info","message":"Controller: Get All Leads","timestamp":"2025-09-25T07:33:21.082Z"}
{"level":"info","message":"Controller: Get All Leads","timestamp":"2025-09-25T07:33:24.293Z"}
{"level":"info","message":"Controller: Get All Leads","timestamp":"2025-09-25T07:33:24.404Z"}
{"level":"info","message":"Controller: Get All Leads","timestamp":"2025-09-25T07:33:30.125Z"}
{"level":"info","message":"Controller: Get All Leads","timestamp":"2025-09-25T07:33:30.187Z"}
{"level":"info","message":"Controller: Get All Leads","timestamp":"2025-09-25T07:33:42.465Z"}
{"level":"info","message":"Controller: Get All Leads","timestamp":"2025-09-25T07:33:42.759Z"}
{"level":"info","message":"Controller: Get All Leads","timestamp":"2025-09-25T07:33:47.516Z"}
{"level":"info","message":"Controller: Get All Leads","timestamp":"2025-09-25T07:33:47.569Z"}
{"level":"info","message":"Controller: Get All Leads","timestamp":"2025-09-25T07:34:18.238Z"}
{"level":"info","message":"Controller: Get All Leads","timestamp":"2025-09-25T07:34:18.317Z"}
{"level":"info","message":"Controller: Get All Leads","timestamp":"2025-09-25T07:34:23.065Z"}
{"level":"info","message":"Controller: Get All Leads","timestamp":"2025-09-25T07:34:23.099Z"}
{"level":"info","message":"Controller: Get All Employees","timestamp":"2025-09-25T07:34:26.024Z"}
{"level":"info","message":"Fetched all employees: 2","timestamp":"2025-09-25T07:34:26.035Z"}
{"level":"info","message":"Controller: Get All Employees","timestamp":"2025-09-25T07:34:26.039Z"}
{"level":"info","message":"Fetched all employees: 2","timestamp":"2025-09-25T07:34:26.041Z"}
{"level":"info","message":"Controller: Get All Employees","timestamp":"2025-09-25T07:34:43.067Z"}
{"level":"info","message":"Fetched all employees: 2","timestamp":"2025-09-25T07:34:43.137Z"}
{"level":"info","message":"Controller: Get All Employees","timestamp":"2025-09-25T07:34:43.141Z"}
{"level":"info","message":"Fetched all employees: 2","timestamp":"2025-09-25T07:34:43.144Z"}
{"level":"info","message":"Controller: Get Attendance","timestamp":"2025-09-25T07:34:44.779Z"}
{"count":5,"level":"info","message":"Repository: Attendance fetched","timestamp":"2025-09-25T07:34:44.786Z"}
{"level":"info","message":"Controller: Get Attendance","timestamp":"2025-09-25T07:34:44.790Z"}
{"count":5,"level":"info","message":"Repository: Attendance fetched","timestamp":"2025-09-25T07:34:44.792Z"}
{"level":"info","message":"Controller: Get Attendance","timestamp":"2025-09-25T07:35:03.152Z"}
{"count":5,"level":"info","message":"Repository: Attendance fetched","timestamp":"2025-09-25T07:35:03.333Z"}
{"level":"info","message":"Controller: Get Attendance","timestamp":"2025-09-25T07:35:03.347Z"}
{"count":5,"level":"info","message":"Repository: Attendance fetched","timestamp":"2025-09-25T07:35:03.351Z"}
{"level":"info","message":"Server running ---- from server.ts","timestamp":"2025-09-25T07:55:15.491Z"}
{"level":"info","message":"Controller: Get Attendance","timestamp":"2025-09-25T08:09:56.294Z"}
{"count":5,"level":"info","message":"Repository: Attendance fetched","timestamp":"2025-09-25T08:09:56.386Z"}
{"level":"info","message":"Controller: Get Attendance","timestamp":"2025-09-25T08:09:56.404Z"}
{"count":5,"level":"info","message":"Repository: Attendance fetched","timestamp":"2025-09-25T08:09:56.407Z"}
{"level":"info","message":"Controller: Get All Employees","timestamp":"2025-09-25T08:11:00.931Z"}
{"level":"info","message":"Fetched all employees: 2","timestamp":"2025-09-25T08:11:01.000Z"}
{"level":"info","message":"Controller: Get All Employees","timestamp":"2025-09-25T08:11:01.004Z"}
{"level":"info","message":"Fetched all employees: 2","timestamp":"2025-09-25T08:11:01.006Z"}
{"level":"info","message":"Controller: Get All Leads","timestamp":"2025-09-25T08:11:07.413Z"}
{"level":"info","message":"Controller: Get All Leads","timestamp":"2025-09-25T08:11:07.482Z"}
{"level":"info","message":"Controller: Get All Leads","timestamp":"2025-09-25T08:11:14.821Z"}
{"level":"info","message":"Controller: Get All Leads","timestamp":"2025-09-25T08:11:14.889Z"}
{"level":"info","message":"Controller: Get All Leads","timestamp":"2025-09-25T08:11:18.858Z"}
{"level":"info","message":"Controller: Get All Leads","timestamp":"2025-09-25T08:11:18.898Z"}
{"level":"info","message":"Controller: Get All Leads","timestamp":"2025-09-25T08:11:26.261Z"}
{"level":"info","message":"Controller: Get All Leads","timestamp":"2025-09-25T08:11:26.312Z"}
{"level":"info","message":"Controller: Get All Leads","timestamp":"2025-09-25T08:14:09.284Z"}
{"level":"info","message":"Controller: Get All Leads","timestamp":"2025-09-25T08:14:09.371Z"}
{"level":"info","message":"Controller: Get All Employees","timestamp":"2025-09-25T08:29:52.000Z"}
{"level":"info","message":"Fetched all employees: 2","timestamp":"2025-09-25T08:29:52.130Z"}
{"level":"info","message":"Controller: Get All Employees","timestamp":"2025-09-25T08:29:52.135Z"}
{"level":"info","message":"Fetched all employees: 2","timestamp":"2025-09-25T08:29:52.147Z"}
{"level":"info","message":"Controller: Get All Employees","timestamp":"2025-09-25T08:42:12.927Z"}
{"level":"info","message":"Fetched all employees: 2","timestamp":"2025-09-25T08:42:13.117Z"}
{"level":"info","message":"Controller: Get All Employees","timestamp":"2025-09-25T08:42:13.127Z"}
{"level":"info","message":"Fetched all employees: 2","timestamp":"2025-09-25T08:42:13.136Z"}
{"level":"info","message":"Controller: Get All Employees","timestamp":"2025-09-25T09:53:31.248Z"}
{"level":"info","message":"Fetched all employees: 2","timestamp":"2025-09-25T09:53:32.569Z"}
{"level":"info","message":"Controller: Get All Employees","timestamp":"2025-09-25T09:53:32.977Z"}
{"level":"info","message":"Fetched all employees: 2","timestamp":"2025-09-25T09:53:33.198Z"}
{"level":"info","message":"Controller: Get All Employees","timestamp":"2025-09-25T09:54:05.343Z"}
{"level":"info","message":"Fetched all employees: 2","timestamp":"2025-09-25T09:54:05.469Z"}
{"level":"info","message":"Controller: Get All Employees","timestamp":"2025-09-25T09:54:05.476Z"}
{"level":"info","message":"Fetched all employees: 2","timestamp":"2025-09-25T09:54:05.484Z"}
{"level":"info","message":"Controller: Get Attendance","timestamp":"2025-09-25T09:54:10.382Z"}
{"count":5,"level":"info","message":"Repository: Attendance fetched","timestamp":"2025-09-25T09:54:10.405Z"}
{"level":"info","message":"Controller: Get Attendance","timestamp":"2025-09-25T09:54:10.415Z"}
{"count":5,"level":"info","message":"Repository: Attendance fetched","timestamp":"2025-09-25T09:54:10.418Z"}
{"code":"22P02","file":"numutils.c","length":146,"level":"error","line":"619","message":"Repository Error: updateRequest invalid input syntax for type integer: \"NaN\"","name":"error","routine":"pg_strtoint32_safe","severity":"ERROR","stack":"error: invalid input syntax for type integer: \"NaN\"\n    at D:\\RedAngle\\red-angle-backend\\node_modules\\pg\\lib\\client.js:545:17\n    at processTicksAndRejections (node:internal/process/task_queues:95:5)","timestamp":"2025-09-25T10:20:18.030Z","where":"unnamed portal parameter $3 = '...'"}
{"code":"22P02","file":"numeric.c","length":137,"level":"error","line":"804","message":"Repository Error: createRequest invalid input syntax for type numeric: \"30m\"","name":"error","routine":"numeric_in","severity":"ERROR","stack":"error: invalid input syntax for type numeric: \"30m\"\n    at D:\\RedAngle\\red-angle-backend\\node_modules\\pg\\lib\\client.js:545:17\n    at processTicksAndRejections (node:internal/process/task_queues:95:5)","timestamp":"2025-09-25T10:25:25.323Z","where":"unnamed portal parameter $6 = '...'"}
